{"/home/laurel/projects/courses/code-401/no-caps/driver/handler.js": {"path":"/home/laurel/projects/courses/code-401/no-caps/driver/handler.js","statementMap":{"0":{"start":{"line":6,"column":2},"end":{"line":6,"column":60}},"1":{"start":{"line":10,"column":2},"end":{"line":10,"column":60}},"2":{"start":{"line":13,"column":0},"end":{"line":16,"column":2}}},"fnMap":{"0":{"name":"reportInTransit","decl":{"start":{"line":5,"column":9},"end":{"line":5,"column":24}},"loc":{"start":{"line":5,"column":34},"end":{"line":7,"column":1}},"line":5},"1":{"name":"reportDelivered","decl":{"start":{"line":9,"column":9},"end":{"line":9,"column":24}},"loc":{"start":{"line":9,"column":34},"end":{"line":11,"column":1}},"line":9}},"branchMap":{},"s":{"0":1,"1":1,"2":1},"f":{"0":1,"1":1},"b":{},"_coverageSchema":"1a1c01bbd47fc00a2c39e90264f33305004495a9","hash":"ae64b665f9138242ffcb8efee9bffdcdfe4d1745"}
,"/home/laurel/projects/courses/code-401/no-caps/vendor/handler.js": {"path":"/home/laurel/projects/courses/code-401/no-caps/vendor/handler.js","statementMap":{"0":{"start":{"line":3,"column":15},"end":{"line":3,"column":32}},"1":{"start":{"line":4,"column":15},"end":{"line":4,"column":27}},"2":{"start":{"line":7,"column":2},"end":{"line":12,"column":3}},"3":{"start":{"line":16,"column":2},"end":{"line":16,"column":46}},"4":{"start":{"line":19,"column":0},"end":{"line":22,"column":1}}},"fnMap":{"0":{"name":"generatePayload","decl":{"start":{"line":6,"column":9},"end":{"line":6,"column":24}},"loc":{"start":{"line":6,"column":27},"end":{"line":13,"column":1}},"line":6},"1":{"name":"handleDelivered","decl":{"start":{"line":15,"column":9},"end":{"line":15,"column":24}},"loc":{"start":{"line":15,"column":34},"end":{"line":17,"column":1}},"line":15}},"branchMap":{},"s":{"0":1,"1":1,"2":1,"3":1,"4":1},"f":{"0":1,"1":1},"b":{},"_coverageSchema":"1a1c01bbd47fc00a2c39e90264f33305004495a9","hash":"cd96189afb18e632294342ee6f17e6301818817c"}
}
