TN:
SF:clients/index.js
FN:12,subscribe
FN:16,trigger
FNF:2
FNH:0
FNDA:0,subscribe
FNDA:0,trigger
DA:3,2
DA:4,2
DA:6,2
DA:13,0
DA:17,0
DA:20,2
LF:6
LH:4
BRDA:4,0,0,2
BRDA:4,0,1,2
BRF:2
BRH:2
end_of_record
TN:
SF:driver/handler.js
FN:5,pickupOrder
FN:6,(anonymous_1)
FN:7,(anonymous_2)
FN:16,droppedOff
FN:17,(anonymous_4)
FN:19,(anonymous_5)
FN:26,getAll
FNF:7
FNH:2
FNDA:1,pickupOrder
FNDA:0,(anonymous_1)
FNDA:0,(anonymous_2)
FNDA:1,droppedOff
FNDA:0,(anonymous_4)
FNDA:0,(anonymous_5)
FNDA:0,getAll
DA:3,1
DA:6,1
DA:7,0
DA:8,0
DA:9,0
DA:10,0
DA:11,0
DA:17,1
DA:18,0
DA:19,0
DA:20,0
DA:21,0
DA:27,0
DA:30,1
LF:14
LH:4
BRF:0
BRH:0
end_of_record
TN:
SF:vendors/flower-handler.js
FN:7,newFlowerOrder
FN:19,confirmedFlowerDelivery
FN:20,(anonymous_2)
FN:25,getAllFlowerOrders
FNF:4
FNH:1
FNDA:0,newFlowerOrder
FNDA:1,confirmedFlowerDelivery
FNDA:0,(anonymous_2)
FNDA:0,getAllFlowerOrders
DA:3,1
DA:4,1
DA:5,1
DA:8,0
DA:15,0
DA:16,0
DA:20,1
DA:21,0
DA:26,0
DA:29,1
LF:10
LH:5
BRF:0
BRH:0
end_of_record
TN:
SF:vendors/widget-handler.js
FN:7,newWidgetOrder
FN:19,confirmedWidgetDelivery
FN:20,(anonymous_2)
FN:25,getAllWidgetOrders
FNF:4
FNH:1
FNDA:0,newWidgetOrder
FNDA:1,confirmedWidgetDelivery
FNDA:0,(anonymous_2)
FNDA:0,getAllWidgetOrders
DA:3,1
DA:4,1
DA:5,1
DA:8,0
DA:15,0
DA:16,0
DA:20,1
DA:21,0
DA:26,0
DA:29,1
LF:10
LH:5
BRF:0
BRH:0
end_of_record
